-Xajruntimetarget:1.5
-1.7
-encoding
UTF-8
-outxml
-showWeaveInfo
-source
1.7
-target
1.7
-verbose
-classpath
E:\maven\repository\junit\junit\4.12\junit-4.12.jar;E:\maven\repository\org\slf4j\slf4j-api\1.7.21\slf4j-api-1.7.21.jar;E:\maven\repository\org\slf4j\jcl-over-slf4j\1.7.21\jcl-over-slf4j-1.7.21.jar;E:\maven\repository\org\slf4j\slf4j-log4j12\1.7.21\slf4j-log4j12-1.7.21.jar;E:\maven\repository\log4j\log4j\1.2.17\log4j-1.2.17.jar;E:\maven\repository\aopalliance\aopalliance\1.0\aopalliance-1.0.jar;E:\maven\repository\cglib\cglib\2.2\cglib-2.2.jar;E:\maven\repository\asm\asm\3.1\asm-3.1.jar;E:\maven\repository\org\aspectj\aspectjweaver\1.8.7\aspectjweaver-1.8.7.jar;E:\maven\repository\org\aspectj\aspectjrt\1.8.7\aspectjrt-1.8.7.jar;E:\maven\repository\org\springframework\spring-core\4.2.7.RELEASE\spring-core-4.2.7.RELEASE.jar;E:\maven\repository\org\springframework\spring-expression\4.2.7.RELEASE\spring-expression-4.2.7.RELEASE.jar;E:\maven\repository\org\springframework\spring-beans\4.2.7.RELEASE\spring-beans-4.2.7.RELEASE.jar;E:\maven\repository\org\springframework\spring-context\4.2.7.RELEASE\spring-context-4.2.7.RELEASE.jar;E:\maven\repository\org\springframework\spring-context-support\4.2.7.RELEASE\spring-context-support-4.2.7.RELEASE.jar;E:\maven\repository\org\springframework\spring-aop\4.2.7.RELEASE\spring-aop-4.2.7.RELEASE.jar;E:\maven\repository\org\springframework\spring-aspects\4.2.7.RELEASE\spring-aspects-4.2.7.RELEASE.jar;E:\maven\repository\org\springframework\spring-jdbc\4.2.7.RELEASE\spring-jdbc-4.2.7.RELEASE.jar;E:\maven\repository\org\springframework\spring-tx\4.2.7.RELEASE\spring-tx-4.2.7.RELEASE.jar;E:\maven\repository\org\springframework\spring-test\4.2.7.RELEASE\spring-test-4.2.7.RELEASE.jar;D:\onfoot\onfoot-dto\target\onfoot-dto-0.0.1-SNAPSHOT.jar;D:\onfoot\onfoot-util\target\onfoot-util-0.0.1-SNAPSHOT.jar;D:\onfoot\onfoot-core\target\onfoot-core-0.0.1-SNAPSHOT.jar;D:\onfoot\onfoot-common\target\onfoot-common-0.0.1-SNAPSHOT.jar;D:\onfoot\onfoot-dao\target\onfoot-dao-0.0.1-SNAPSHOT.jar;D:\onfoot\onfoot-redis\target\onfoot-redis-0.0.1-SNAPSHOT.jar;E:\maven\repository\net\sf\json-lib\json-lib\2.4\json-lib-2.4-jdk15.jar;E:\maven\repository\com\smartercity\message.cilent\1.1.0\message.cilent-1.1.0.jar;E:\maven\repository\commons-lang\commons-lang\2.6\commons-lang-2.6.jar;E:\maven\repository\commons-codec\commons-codec\1.10\commons-codec-1.10.jar;E:\maven\repository\commons-io\commons-io\2.4\commons-io-2.4.jar;E:\maven\repository\com\alibaba\fastjson\1.2.17\fastjson-1.2.17.jar;E:\maven\repository\org\springframework\spring-web\4.2.7.RELEASE\spring-web-4.2.7.RELEASE.jar;E:\maven\repository\org\springframework\spring-oxm\4.2.7.RELEASE\spring-oxm-4.2.7.RELEASE.jar;E:\maven\repository\org\springframework\spring-jms\4.2.7.RELEASE\spring-jms-4.2.7.RELEASE.jar;E:\maven\repository\org\springframework\spring-messaging\4.2.7.RELEASE\spring-messaging-4.2.7.RELEASE.jar;E:\maven\repository\org\springframework\spring-webmvc\4.2.7.RELEASE\spring-webmvc-4.2.7.RELEASE.jar;E:\maven\repository\org\springframework\data\spring-data-commons\1.12.4.RELEASE\spring-data-commons-1.12.4.RELEASE.jar;E:\maven\repository\org\springframework\data\spring-data-keyvalue\1.1.4.RELEASE\spring-data-keyvalue-1.1.4.RELEASE.jar;E:\maven\repository\org\springframework\data\spring-data-redis\1.7.4.RELEASE\spring-data-redis-1.7.4.RELEASE.jar;E:\maven\repository\com\github\jsqlparser\jsqlparser\0.9.5\jsqlparser-0.9.5.jar;E:\maven\repository\org\mybatis\mybatis\3.4.1\mybatis-3.4.1.jar;E:\maven\repository\com\github\pagehelper\pagehelper\4.1.6\pagehelper-4.1.6.jar;E:\maven\repository\org\freemarker\freemarker\2.3.23\freemarker-2.3.23.jar;E:\maven\repository\com\alibaba\druid\1.0.26\druid-1.0.26.jar;C:\Program Files\Java\jdk1.7.0_17\jre\..\lib\jconsole.jar;C:\Program Files\Java\jdk1.7.0_17\jre\..\lib\tools.jar;E:\maven\repository\mysql\mysql-connector-java\5.1.39\mysql-connector-java-5.1.39.jar;E:\maven\repository\org\mybatis\mybatis-spring\1.3.0\mybatis-spring-1.3.0.jar;E:\maven\repository\org\apache\commons\commons-pool2\2.4.2\commons-pool2-2.4.2.jar;E:\maven\repository\redis\clients\jedis\2.8.2\jedis-2.8.2.jar;E:\maven\repository\commons-beanutils\commons-beanutils\1.8.0\commons-beanutils-1.8.0.jar;E:\maven\repository\commons-collections\commons-collections\3.2.1\commons-collections-3.2.1.jar;E:\maven\repository\commons-logging\commons-logging\1.1.1\commons-logging-1.1.1.jar;E:\maven\repository\net\sf\ezmorph\ezmorph\1.0.6\ezmorph-1.0.6.jar;E:\maven\repository\commons-logging\commons-logging-api\1.1\commons-logging-api-1.1.jar;E:\maven\repository\dom4j\dom4j\1.1\dom4j-1.1.jar;E:\maven\repository\org\apache\httpcomponents\httpclient\4.3.1\httpclient-4.3.1.jar;E:\maven\repository\org\apache\httpcomponents\httpclient-cache\4.3.1\httpclient-cache-4.3.1.jar;E:\maven\repository\org\apache\httpcomponents\httpcore\4.3\httpcore-4.3.jar;E:\maven\repository\org\apache\httpcomponents\httpmime\4.3.1\httpmime-4.3.1.jar;E:\maven\repository\org\eclipse\jetty\jetty-server\9.3.6.v20151106\jetty-server-9.3.6.v20151106.jar;E:\maven\repository\javax\servlet\javax.servlet-api\3.0.1\javax.servlet-api-3.0.1.jar;E:\maven\repository\org\eclipse\jetty\jetty-http\9.3.6.v20151106\jetty-http-9.3.6.v20151106.jar;E:\maven\repository\org\eclipse\jetty\jetty-util\9.3.6.v20151106\jetty-util-9.3.6.v20151106.jar;E:\maven\repository\org\eclipse\jetty\jetty-io\9.3.6.v20151106\jetty-io-9.3.6.v20151106.jar;D:\onfoot\onfoot-service\target\classes
-aspectpath
E:\maven\repository\org\springframework\spring-aspects\4.2.7.RELEASE\spring-aspects-4.2.7.RELEASE.jar
-d
D:\onfoot\onfoot-service\target\classes
D:\onfoot\onfoot-service\src\main\java\com\dlsmartercity\annualaccount\service\impl\BaseAppService.java
D:\onfoot\onfoot-service\src\main\java\com\dlsmartercity\annualaccount\service\impl\SysErrorService.java
D:\onfoot\onfoot-service\src\main\java\com\dlsmartercity\annualaccount\service\ISysErrorService.java
