-Xajruntimetarget:1.5
-1.7
-encoding
UTF-8
-outxml
-showWeaveInfo
-source
1.7
-target
1.7
-verbose
-classpath
E:\maven\repository\junit\junit\4.12\junit-4.12.jar;E:\maven\repository\org\slf4j\slf4j-api\1.7.21\slf4j-api-1.7.21.jar;E:\maven\repository\org\slf4j\jcl-over-slf4j\1.7.21\jcl-over-slf4j-1.7.21.jar;E:\maven\repository\org\slf4j\slf4j-log4j12\1.7.21\slf4j-log4j12-1.7.21.jar;E:\maven\repository\log4j\log4j\1.2.17\log4j-1.2.17.jar;E:\maven\repository\com\alibaba\druid\1.0.26\druid-1.0.26.jar;E:\maven\repository\aopalliance\aopalliance\1.0\aopalliance-1.0.jar;E:\maven\repository\cglib\cglib\2.2\cglib-2.2.jar;E:\maven\repository\asm\asm\3.1\asm-3.1.jar;E:\maven\repository\org\aspectj\aspectjweaver\1.8.7\aspectjweaver-1.8.7.jar;E:\maven\repository\org\aspectj\aspectjrt\1.8.7\aspectjrt-1.8.7.jar;E:\maven\repository\org\springframework\spring-core\4.2.7.RELEASE\spring-core-4.2.7.RELEASE.jar;E:\maven\repository\org\springframework\spring-expression\4.2.7.RELEASE\spring-expression-4.2.7.RELEASE.jar;E:\maven\repository\org\springframework\spring-beans\4.2.7.RELEASE\spring-beans-4.2.7.RELEASE.jar;E:\maven\repository\org\springframework\spring-context\4.2.7.RELEASE\spring-context-4.2.7.RELEASE.jar;E:\maven\repository\org\springframework\spring-context-support\4.2.7.RELEASE\spring-context-support-4.2.7.RELEASE.jar;E:\maven\repository\org\springframework\spring-aop\4.2.7.RELEASE\spring-aop-4.2.7.RELEASE.jar;E:\maven\repository\org\springframework\spring-aspects\4.2.7.RELEASE\spring-aspects-4.2.7.RELEASE.jar;E:\maven\repository\org\springframework\spring-jdbc\4.2.7.RELEASE\spring-jdbc-4.2.7.RELEASE.jar;E:\maven\repository\org\springframework\spring-tx\4.2.7.RELEASE\spring-tx-4.2.7.RELEASE.jar;E:\maven\repository\org\springframework\spring-test\4.2.7.RELEASE\spring-test-4.2.7.RELEASE.jar;E:\maven\repository\mysql\mysql-connector-java\5.1.39\mysql-connector-java-5.1.39.jar;E:\maven\repository\org\mybatis\mybatis\3.4.1\mybatis-3.4.1.jar;E:\maven\repository\org\mybatis\mybatis-spring\1.3.0\mybatis-spring-1.3.0.jar;E:\maven\repository\com\github\pagehelper\pagehelper\4.1.6\pagehelper-4.1.6.jar;D:\onfoot\onfoot-core\target\onfoot-core-0.0.1-SNAPSHOT.jar;D:\onfoot\onfoot-dto\target\onfoot-dto-0.0.1-SNAPSHOT.jar;C:\Program Files\Java\jdk1.7.0_17\jre\..\lib\jconsole.jar;C:\Program Files\Java\jdk1.7.0_17\jre\..\lib\tools.jar;E:\maven\repository\com\github\jsqlparser\jsqlparser\0.9.5\jsqlparser-0.9.5.jar;E:\maven\repository\com\alibaba\fastjson\1.2.17\fastjson-1.2.17.jar;E:\maven\repository\org\springframework\spring-web\4.2.7.RELEASE\spring-web-4.2.7.RELEASE.jar;E:\maven\repository\org\springframework\spring-oxm\4.2.7.RELEASE\spring-oxm-4.2.7.RELEASE.jar;E:\maven\repository\org\springframework\spring-jms\4.2.7.RELEASE\spring-jms-4.2.7.RELEASE.jar;E:\maven\repository\org\springframework\spring-messaging\4.2.7.RELEASE\spring-messaging-4.2.7.RELEASE.jar;E:\maven\repository\org\springframework\spring-webmvc\4.2.7.RELEASE\spring-webmvc-4.2.7.RELEASE.jar;E:\maven\repository\org\springframework\data\spring-data-commons\1.12.4.RELEASE\spring-data-commons-1.12.4.RELEASE.jar;E:\maven\repository\org\springframework\data\spring-data-keyvalue\1.1.4.RELEASE\spring-data-keyvalue-1.1.4.RELEASE.jar;E:\maven\repository\org\springframework\data\spring-data-redis\1.7.4.RELEASE\spring-data-redis-1.7.4.RELEASE.jar;E:\maven\repository\org\freemarker\freemarker\2.3.23\freemarker-2.3.23.jar;D:\onfoot\onfoot-dao\target\classes
-aspectpath
E:\maven\repository\org\springframework\spring-aspects\4.2.7.RELEASE\spring-aspects-4.2.7.RELEASE.jar
-d
D:\onfoot\onfoot-dao\target\classes
D:\onfoot\onfoot-dao\src\main\java\com\dlsmartercity\annualaccount\dao\mapper\single\SysErrorMapper.java
D:\onfoot\onfoot-dao\src\main\java\com\dlsmartercity\annualaccount\datasource\DataSource.java
D:\onfoot\onfoot-dao\src\main\java\com\dlsmartercity\annualaccount\datasource\DynamicDataSource.java
D:\onfoot\onfoot-dao\src\main\java\com\dlsmartercity\annualaccount\datasource\DynamicDataSourceAspect.java
D:\onfoot\onfoot-dao\src\main\java\com\dlsmartercity\annualaccount\datasource\DynamicDataSourceGlobal.java
D:\onfoot\onfoot-dao\src\main\java\com\dlsmartercity\annualaccount\datasource\DynamicDataSourceHolder.java
